<?xml version="1.0" encoding="UTF-8" standalone="no"?><testsuite errors="0" failures="1" name="Agregar productos al carrito e compras" skipped="0" tests="1" time="26.59" timestamp="2023-03-01 02:16:51"><testcase name="Agregar productos"><failure message="Expected validar carro de compras&#13;&#10;Expected: is &lt;true&gt;&#13;&#10;     but: was &lt;false&gt;" type="java.lang.AssertionError">Expected validar carro de compras&#13;
Expected: is &lt;true&gt;&#13;
     but: was &lt;false&gt;</failure><system-err>Expected validar carro de compras&#13;
Expected: is &lt;true&gt;&#13;
     but: was &lt;false&gt;&#13;
stepdefinitions.ValidacionCarrito.validarCarritoDeCompras(ValidacionCarrito.java:35)&#13;
✽.: Validar carrito de compras(file:///C:/Users/JhonB/IdeaProjects/co.com.choucair.pruebatecnica/src/test/resources/features/ValidacionCarritoDeCompra.feature:10)&#13;
</system-err></testcase></testsuite>