<?xml version="1.0" encoding="UTF-8" standalone="no"?><testsuite errors="1" failures="0" name="Agregar productos al carrito e compras" skipped="0" tests="1" time="0.3" timestamp="2023-02-23 12:57:48"><testcase name="Agregar productos"><error message="No stage available - it looks like you haven't called the setTheStage() method before calling this one." type="net.serenitybdd.screenplay.actors.NoStageException">No stage available - it looks like you haven't called the setTheStage() method before calling this one.</error><system-err>No stage available - it looks like you haven't called the setTheStage() method before calling this one.&#13;
stepdefinitions.ValidacionCarrito.queElUsuarioIngreseALaPlatafromaYElijaCategoriaYSubcategoria(ValidacionCarrito.java:13)&#13;
✽.:Que el usuario ingrese a la platafroma y elija categoria y subcategoria(file:///C:/Users/JhonB/IdeaProjects/co.com.choucair.pruebatecnica/src/test/resources/features/test.feature:8)&#13;
</system-err></testcase></testsuite>