<?xml version="1.0" encoding="UTF-8" standalone="no"?><testsuite errors="0" failures="1" name="Realizar la la creacion de un empleado" skipped="0" tests="2" time="5.89" timestamp="2023-03-01 02:16:39"><testcase name="Actualizacion de empelado"/><testcase name="Creacion de empelado"><failure message="Expected last response status code&#13;&#10;Expected: is &lt;true&gt;&#13;&#10;     but: was &lt;false&gt;" type="java.lang.AssertionError">Expected last response status code&#13;
Expected: is &lt;true&gt;&#13;
     but: was &lt;false&gt;</failure><system-err>Expected last response status code&#13;
Expected: is &lt;true&gt;&#13;
     but: was &lt;false&gt;&#13;
stepdefinitions.ValidacionServicioDummy.validacionDelCodigoDeRespuesta(ValidacionServicioDummy.java:35)&#13;
✽.Validacion del codigo de respuesta 200(file:///C:/Users/JhonB/IdeaProjects/co.com.choucair.pruebatecnica/src/test/resources/features/CreacionEmpleado.feature:11)&#13;
</system-err></testcase></testsuite>